<?xml version="1.0" encoding="UTF-8"?>
<robot generator="Robot 7.3.2 (Python 3.13.5 on win32)" generated="2025-07-22T17:22:26.449235" rpa="false" schemaversion="5">
<suite id="s1" name="Tests" source="C:\Users\Preto\Projetos\B3\CICD - k6 e Robot\Design Patterns ROBOT\Kickoff\Tests">
<suite id="s1-s1" name="Voo" source="C:\Users\Preto\Projetos\B3\CICD - k6 e Robot\Design Patterns ROBOT\Kickoff\Tests\Voo">
<suite id="s1-s1-s1" name="TC01" source="C:\Users\Preto\Projetos\B3\CICD - k6 e Robot\Design Patterns ROBOT\Kickoff\Tests\Voo\TC01.robot">
<test id="s1-s1-s1-t1" name="TC01 - Reservando passagem de destinos dentro dos EUA na classe econômica" line="6">
<kw name="Dado que eu acesse o php travels" owner="Login_Steps">
<kw name="Open Browser" owner="SeleniumLibrary">
<msg time="2025-07-22T17:22:26.772261" level="INFO">Opening browser 'chrome' to base url 'https://www.phptravels.net/'.</msg>
<arg>${URL}</arg>
<arg>${Browser}</arg>
<doc>Opens a new browser instance to the optional ``url``.</doc>
<status status="PASS" start="2025-07-22T17:22:26.772057" elapsed="7.248746"/>
</kw>
<kw name="Maximize Browser Window" owner="SeleniumLibrary">
<doc>Maximizes current browser window.</doc>
<status status="PASS" start="2025-07-22T17:22:34.020974" elapsed="0.030897"/>
</kw>
<status status="PASS" start="2025-07-22T17:22:26.771526" elapsed="7.280447"/>
</kw>
<kw name="E realize o cadastro" owner="Login_Steps">
<kw name="Wait Until Element Is Visible" owner="SeleniumLibrary">
<msg time="2025-07-22T17:22:44.535981" level="INFO" html="true">&lt;/td&gt;&lt;/tr&gt;&lt;tr&gt;&lt;td colspan="3"&gt;&lt;a href="selenium-screenshot-1.png"&gt;&lt;img src="selenium-screenshot-1.png" width="800px"&gt;&lt;/a&gt;</msg>
<msg time="2025-07-22T17:22:44.536136" level="FAIL">Element '//strong[contains(text(), "Account")]' not visible after 10 seconds.</msg>
<arg>${Home.A_Signup}</arg>
<arg>10</arg>
<doc>Waits until the element ``locator`` is visible.</doc>
<status status="FAIL" start="2025-07-22T17:22:34.052531" elapsed="10.485149">Element '//strong[contains(text(), "Account")]' not visible after 10 seconds.</status>
</kw>
<kw name="Click Element" owner="SeleniumLibrary">
<arg>${Home.A_Signup}</arg>
<doc>Click the element identified by ``locator``.</doc>
<status status="NOT RUN" start="2025-07-22T17:22:44.537819" elapsed="0.000027"/>
</kw>
<kw name="Wait Until Element Is Visible" owner="SeleniumLibrary">
<arg>${Home.A_Register}</arg>
<arg>10</arg>
<doc>Waits until the element ``locator`` is visible.</doc>
<status status="NOT RUN" start="2025-07-22T17:22:44.537933" elapsed="0.000022"/>
</kw>
<kw name="Click Element" owner="SeleniumLibrary">
<arg>${Home.A_Register}</arg>
<doc>Click the element identified by ``locator``.</doc>
<status status="NOT RUN" start="2025-07-22T17:22:44.538029" elapsed="0.000019"/>
</kw>
<kw name="Wait Until Element Is Visible" owner="SeleniumLibrary">
<arg>${Login.Input_PrimeiroNome}</arg>
<arg>10</arg>
<doc>Waits until the element ``locator`` is visible.</doc>
<status status="NOT RUN" start="2025-07-22T17:22:44.538115" elapsed="0.000020"/>
</kw>
<kw name="Input Text" owner="SeleniumLibrary">
<arg>${Login.Input_PrimeiroNome}</arg>
<arg>${PrimeiroNome}</arg>
<doc>Types the given ``text`` into the text field identified by ``locator``.</doc>
<status status="NOT RUN" start="2025-07-22T17:22:44.538213" elapsed="0.000020"/>
</kw>
<kw name="Wait Until Element Is Visible" owner="SeleniumLibrary">
<arg>${Login.Input_UltimoNome}</arg>
<arg>10</arg>
<doc>Waits until the element ``locator`` is visible.</doc>
<status status="NOT RUN" start="2025-07-22T17:22:44.538302" elapsed="0.000019"/>
</kw>
<kw name="Input Text" owner="SeleniumLibrary">
<arg>${Login.Input_UltimoNome}</arg>
<arg>${UltimoNome}</arg>
<doc>Types the given ``text`` into the text field identified by ``locator``.</doc>
<status status="NOT RUN" start="2025-07-22T17:22:44.538392" elapsed="0.000019"/>
</kw>
<kw name="Wait Until Element Is Visible" owner="SeleniumLibrary">
<arg>${Login.Input_Pais}</arg>
<arg>10</arg>
<doc>Waits until the element ``locator`` is visible.</doc>
<status status="NOT RUN" start="2025-07-22T17:22:44.538491" elapsed="0.000019"/>
</kw>
<kw name="Click Element" owner="SeleniumLibrary">
<arg>${Login.Input_Pais}</arg>
<doc>Click the element identified by ``locator``.</doc>
<status status="NOT RUN" start="2025-07-22T17:22:44.538578" elapsed="0.000019"/>
</kw>
<kw name="Wait Until Element Is Visible" owner="SeleniumLibrary">
<arg>${Login.Input_Option_Pais}</arg>
<arg>10</arg>
<doc>Waits until the element ``locator`` is visible.</doc>
<status status="NOT RUN" start="2025-07-22T17:22:44.538662" elapsed="0.000027"/>
</kw>
<kw name="Input Text" owner="SeleniumLibrary">
<arg>${Login.Input_Option_Pais}</arg>
<arg>Brazil</arg>
<doc>Types the given ``text`` into the text field identified by ``locator``.</doc>
<status status="NOT RUN" start="2025-07-22T17:22:44.538757" elapsed="0.000018"/>
</kw>
<kw name="Wait Until Element Is Visible" owner="SeleniumLibrary">
<arg>${Login.Option_Brasil}</arg>
<arg>10</arg>
<doc>Waits until the element ``locator`` is visible.</doc>
<status status="NOT RUN" start="2025-07-22T17:22:44.538842" elapsed="0.000018"/>
</kw>
<kw name="Click Element" owner="SeleniumLibrary">
<arg>${Login.Option_Brasil}</arg>
<doc>Click the element identified by ``locator``.</doc>
<status status="NOT RUN" start="2025-07-22T17:22:44.538942" elapsed="0.000021"/>
</kw>
<kw name="Wait Until Element Is Visible" owner="SeleniumLibrary">
<arg>${Login.Input_Telefone}</arg>
<arg>10</arg>
<doc>Waits until the element ``locator`` is visible.</doc>
<status status="NOT RUN" start="2025-07-22T17:22:44.539029" elapsed="0.000019"/>
</kw>
<kw name="Input Text" owner="SeleniumLibrary">
<arg>${Login.Input_Telefone}</arg>
<arg>${Telefone}</arg>
<doc>Types the given ``text`` into the text field identified by ``locator``.</doc>
<status status="NOT RUN" start="2025-07-22T17:22:44.539115" elapsed="0.000142"/>
</kw>
<kw name="Wait Until Element Is Visible" owner="SeleniumLibrary">
<arg>${Login.Input_Email}</arg>
<arg>10</arg>
<doc>Waits until the element ``locator`` is visible.</doc>
<status status="NOT RUN" start="2025-07-22T17:22:44.539366" elapsed="0.000024"/>
</kw>
<kw name="Input Text" owner="SeleniumLibrary">
<arg>${Login.Input_Email}</arg>
<arg>${Email}</arg>
<doc>Types the given ``text`` into the text field identified by ``locator``.</doc>
<status status="NOT RUN" start="2025-07-22T17:22:44.539473" elapsed="0.000023"/>
</kw>
<kw name="Wait Until Element Is Visible" owner="SeleniumLibrary">
<arg>${Login.Input_Senha}</arg>
<arg>10</arg>
<doc>Waits until the element ``locator`` is visible.</doc>
<status status="NOT RUN" start="2025-07-22T17:22:44.539576" elapsed="0.000022"/>
</kw>
<kw name="Input Text" owner="SeleniumLibrary">
<arg>${Login.Input_Senha}</arg>
<arg>${Senha}</arg>
<doc>Types the given ``text`` into the text field identified by ``locator``.</doc>
<status status="NOT RUN" start="2025-07-22T17:22:44.539675" elapsed="0.000021"/>
</kw>
<kw name="Wait Until Element Is Visible" owner="SeleniumLibrary">
<arg>${Login.Iframe_reCAPTCHA}</arg>
<arg>30</arg>
<doc>Waits until the element ``locator`` is visible.</doc>
<status status="NOT RUN" start="2025-07-22T17:22:44.539774" elapsed="0.000021"/>
</kw>
<kw name="Select Frame" owner="SeleniumLibrary">
<arg>${Login.Iframe_reCAPTCHA}</arg>
<doc>Sets frame identified by ``locator`` as the current frame.</doc>
<status status="NOT RUN" start="2025-07-22T17:22:44.539873" elapsed="0.000021"/>
</kw>
<kw name="Wait Until Element Is Visible" owner="SeleniumLibrary">
<arg>${Login.Not_Robot}</arg>
<arg>30</arg>
<doc>Waits until the element ``locator`` is visible.</doc>
<status status="NOT RUN" start="2025-07-22T17:22:44.539963" elapsed="0.000020"/>
</kw>
<kw name="Click Element" owner="SeleniumLibrary">
<arg>${Login.Not_Robot}</arg>
<doc>Click the element identified by ``locator``.</doc>
<status status="NOT RUN" start="2025-07-22T17:22:44.540064" elapsed="0.000022"/>
</kw>
<kw name="Unselect Frame" owner="SeleniumLibrary">
<doc>Sets the main frame as the current frame.</doc>
<status status="NOT RUN" start="2025-07-22T17:22:44.540152" elapsed="0.000127"/>
</kw>
<kw name="Wait Until Element Is Visible" owner="SeleniumLibrary">
<arg>${Login.Button_Signup}</arg>
<arg>10</arg>
<doc>Waits until the element ``locator`` is visible.</doc>
<status status="NOT RUN" start="2025-07-22T17:22:44.540358" elapsed="0.000022"/>
</kw>
<kw name="Sleep" owner="BuiltIn">
<arg>2s</arg>
<doc>Pauses the test executed for the given time.</doc>
<status status="NOT RUN" start="2025-07-22T17:22:44.540466" elapsed="0.000021"/>
</kw>
<kw name="Run Keyword And Ignore Error" owner="BuiltIn">
<arg>Click Element</arg>
<arg>${Login.Button_Signup}</arg>
<doc>Runs the given keyword with the given arguments and ignores possible error.</doc>
<status status="NOT RUN" start="2025-07-22T17:22:44.540566" elapsed="0.000020"/>
</kw>
<kw name="Click Element" owner="SeleniumLibrary">
<arg>${Login.Button_Signup}</arg>
<doc>Click the element identified by ``locator``.</doc>
<status status="NOT RUN" start="2025-07-22T17:22:44.540666" elapsed="0.000020"/>
</kw>
<status status="FAIL" start="2025-07-22T17:22:34.052296" elapsed="10.488486">Element '//strong[contains(text(), "Account")]' not visible after 10 seconds.</status>
</kw>
<kw name="E faça o Login" owner="Login_Steps">
<status status="NOT RUN" start="2025-07-22T17:22:44.541028" elapsed="0.000029"/>
</kw>
<kw name="Quando eu realizo uma busca de um vôo ida e volta">
<status status="NOT RUN" start="2025-07-22T17:22:44.541243" elapsed="0.000026"/>
</kw>
<kw name="E saindo de Los Angeles EUA">
<status status="NOT RUN" start="2025-07-22T17:22:44.541406" elapsed="0.000024"/>
</kw>
<kw name="E fecho o navegador" owner="Login_Steps">
<status status="NOT RUN" start="2025-07-22T17:22:44.541576" elapsed="0.000025"/>
</kw>
<status status="FAIL" start="2025-07-22T17:22:26.770934" elapsed="17.770827">Element '//strong[contains(text(), "Account")]' not visible after 10 seconds.</status>
</test>
<status status="FAIL" start="2025-07-22T17:22:26.472899" elapsed="18.069433"/>
</suite>
<status status="FAIL" start="2025-07-22T17:22:26.471982" elapsed="18.070979"/>
</suite>
<status status="FAIL" start="2025-07-22T17:22:26.450309" elapsed="18.093096"/>
</suite>
<statistics>
<total>
<stat pass="0" fail="1" skip="0">All Tests</stat>
</total>
<tag>
</tag>
<suite>
<stat name="Tests" id="s1" pass="0" fail="1" skip="0">Tests</stat>
<stat name="Voo" id="s1-s1" pass="0" fail="1" skip="0">Tests.Voo</stat>
<stat name="TC01" id="s1-s1-s1" pass="0" fail="1" skip="0">Tests.Voo.TC01</stat>
</suite>
</statistics>
<errors>
</errors>
</robot>
