<?xml version="1.0" encoding="UTF-8"?>
<robot generator="Robot 7.3.2 (Python 3.13.5 on win32)" generated="2025-07-28T17:21:39.017167" rpa="false" schemaversion="5">
<suite id="s1" name="Design Patterns ROBOT" source="C:\Users\Preto\Projetos\B3\CICD - k6 e Robot\Design Patterns ROBOT">
<suite id="s1-s1" name="Kickoff" source="C:\Users\Preto\Projetos\B3\CICD - k6 e Robot\Design Patterns ROBOT\Kickoff">
<suite id="s1-s1-s1" name="Iniciando" source="C:\Users\Preto\Projetos\B3\CICD - k6 e Robot\Design Patterns ROBOT\Kickoff\Iniciando">
<suite id="s1-s1-s1-s1" name="Bdd" source="C:\Users\Preto\Projetos\B3\CICD - k6 e Robot\Design Patterns ROBOT\Kickoff\Iniciando\bdd.robot">
<test id="s1-s1-s1-s1-t1" name="Cenário 1: Executar video no site do YouTube" line="42">
<kw name="Dado que eu acesso o site do youtube">
<kw name="Open Browser" owner="SeleniumLibrary">
<msg time="2025-07-28T17:21:39.331278" level="INFO">Opening browser 'chrome' to base url 'https://www.youtube.com'.</msg>
<arg>${url}</arg>
<arg>${browser}</arg>
<doc>Opens a new browser instance to the optional ``url``.</doc>
<status status="PASS" start="2025-07-28T17:21:39.330949" elapsed="3.516495"/>
</kw>
<kw name="Maximize Browser Window" owner="SeleniumLibrary">
<doc>Maximizes current browser window.</doc>
<status status="PASS" start="2025-07-28T17:21:42.847669" elapsed="0.139069"/>
</kw>
<status status="PASS" start="2025-07-28T17:21:39.330269" elapsed="3.656718"/>
</kw>
<kw name="Quando digito o nome da musica">
<kw name="Input Text" owner="SeleniumLibrary">
<msg time="2025-07-28T17:21:42.989091" level="INFO">Typing text 'Never Gonna Give You Up' into text field 'xpath://input[@name='search_query']'.</msg>
<arg>${input_pesquisa}</arg>
<arg>${nome_musica}</arg>
<doc>Types the given ``text`` into the text field identified by ``locator``.</doc>
<status status="PASS" start="2025-07-28T17:21:42.988577" elapsed="0.237756"/>
</kw>
<status status="PASS" start="2025-07-28T17:21:42.988144" elapsed="0.238338"/>
</kw>
<kw name="E clico no botão buscar">
<kw name="Click Button" owner="SeleniumLibrary">
<msg time="2025-07-28T17:21:43.227233" level="INFO">Clicking button 'xpath:(//button[@aria-label='Search'])[1]'.</msg>
<arg>${botao_buscar}</arg>
<doc>Clicks the button identified by ``locator``.</doc>
<status status="PASS" start="2025-07-28T17:21:43.227005" elapsed="0.108263"/>
</kw>
<status status="PASS" start="2025-07-28T17:21:43.226716" elapsed="0.108733"/>
</kw>
<kw name="E clico na primeira opção da lista">
<kw name="Wait Until Element Is Visible" owner="SeleniumLibrary">
<arg>${primeira_opcao}</arg>
<arg>10</arg>
<doc>Waits until the element ``locator`` is visible.</doc>
<status status="PASS" start="2025-07-28T17:21:43.336283" elapsed="1.122407"/>
</kw>
<kw name="Click Element" owner="SeleniumLibrary">
<msg time="2025-07-28T17:21:44.459137" level="INFO">Clicking element 'xpath:(//yt-formatted-string[@class='style-scope ytd-video-renderer'])[1]'.</msg>
<arg>${primeira_opcao}</arg>
<doc>Click the element identified by ``locator``.</doc>
<status status="PASS" start="2025-07-28T17:21:44.458864" elapsed="0.126632"/>
</kw>
<status status="PASS" start="2025-07-28T17:21:43.335874" elapsed="1.249801"/>
</kw>
<kw name="Então o video é executado">
<kw name="Wait Until Element Is Visible" owner="SeleniumLibrary">
<arg>${provado_video}</arg>
<arg>10</arg>
<doc>Waits until the element ``locator`` is visible.</doc>
<status status="PASS" start="2025-07-28T17:21:44.586523" elapsed="0.533705"/>
</kw>
<kw name="Element Should Be Visible" owner="SeleniumLibrary">
<msg time="2025-07-28T17:21:45.134075" level="INFO">Element 'xpath:(//video[@class='video-stream html5-main-video'])[1]' is displayed.</msg>
<arg>${provado_video}</arg>
<doc>Verifies that the element identified by ``locator`` is visible.</doc>
<status status="PASS" start="2025-07-28T17:21:45.120400" elapsed="0.013934"/>
</kw>
<kw name="Sleep" owner="BuiltIn">
<msg time="2025-07-28T17:21:50.135329" level="INFO">Slept 5 seconds.</msg>
<arg>5s</arg>
<doc>Pauses the test executed for the given time.</doc>
<status status="PASS" start="2025-07-28T17:21:45.134495" elapsed="5.001126"/>
</kw>
<kw name="Close Browser" owner="SeleniumLibrary">
<doc>Closes the current browser.</doc>
<status status="PASS" start="2025-07-28T17:21:50.135780" elapsed="2.275624"/>
</kw>
<status status="PASS" start="2025-07-28T17:21:44.586128" elapsed="7.825427"/>
</kw>
<status status="PASS" start="2025-07-28T17:21:39.329507" elapsed="13.082285"/>
</test>
<status status="PASS" start="2025-07-28T17:21:39.042544" elapsed="13.370074"/>
</suite>
<status status="PASS" start="2025-07-28T17:21:39.041199" elapsed="13.372335"/>
</suite>
<status status="PASS" start="2025-07-28T17:21:39.039118" elapsed="13.375278"/>
</suite>
<status status="PASS" start="2025-07-28T17:21:39.020939" elapsed="13.394185"/>
</suite>
<statistics>
<total>
<stat pass="1" fail="0" skip="0">All Tests</stat>
</total>
<tag>
</tag>
<suite>
<stat name="Design Patterns ROBOT" id="s1" pass="1" fail="0" skip="0">Design Patterns ROBOT</stat>
<stat name="Kickoff" id="s1-s1" pass="1" fail="0" skip="0">Design Patterns ROBOT.Kickoff</stat>
<stat name="Iniciando" id="s1-s1-s1" pass="1" fail="0" skip="0">Design Patterns ROBOT.Kickoff.Iniciando</stat>
<stat name="Bdd" id="s1-s1-s1-s1" pass="1" fail="0" skip="0">Design Patterns ROBOT.Kickoff.Iniciando.Bdd</stat>
</suite>
</statistics>
<errors>
</errors>
</robot>
